<?xml version="1.0" encoding="UTF-8"?>
<!-- Generated by org.testng.reporters.JUnitReportReporter -->
<testsuite skipped="0" hostname="HP-PC" name="DriverFactory.AppTest" tests="1" failures="0" timestamp="21 Nov 2021 04:17:25 GMT" time="2.065" errors="0">
  <testcase name="kistStart" time="2.065" classname="DriverFactory.AppTest"/>
</testsuite> <!-- DriverFactory.AppTest -->
