<?xml version="1.0" encoding="UTF-8"?>
<!-- Generated by org.testng.reporters.JUnitReportReporter -->
<testsuite skipped="0" hostname="HP-PC" name="Qedge.StockAccounting.AppTest" tests="1" failures="0" timestamp="21 Nov 2021 04:17:25 GMT" time="0.003" errors="0">
  <testcase name="testApp" time="0.003" classname="Qedge.StockAccounting.AppTest"/>
</testsuite> <!-- Qedge.StockAccounting.AppTest -->
