<?xml version="1.0" encoding="UTF-8"?>
<!-- Generated by org.testng.reporters.JUnitReportReporter -->
<testsuite skipped="0" hostname="HP-PC" name="DriverFactory.AppTest" tests="1" failures="0" timestamp="2021-12-05T18:10:01 IST" time="2.871" errors="0">
  <testcase name="kistStart" time="2.871" classname="DriverFactory.AppTest"/>
  <system-out/>
</testsuite> <!-- DriverFactory.AppTest -->
